   Compiling aura v0.1.0 (/home/ubuntu/aura)
    Finished `bench` profile [optimized] target(s) in 2.95s
     Running benches/election_n16384.rs (target/release/deps/election_n16384-c84ebec7b4e6440c)
Benchmarking N16384/dkg/2of3
Benchmarking N16384/dkg/2of3: Warming up for 2.0000 s
Benchmarking N16384/dkg/2of3: Collecting 100 samples in estimated 11.109 s (10k iterations)
Benchmarking N16384/dkg/2of3: Analyzing
N16384/dkg/2of3         time:   [1.0889 ms 1.0929 ms 1.0971 ms]
Found 1 outliers among 100 measurements (1.00%)
  1 (1.00%) high mild

Benchmarking N16384/voter/registration
Benchmarking N16384/voter/registration: Warming up for 2.0000 s
Benchmarking N16384/voter/registration: Collecting 200 samples in estimated 12.128 s (100k iterations)
Benchmarking N16384/voter/registration: Analyzing
N16384/voter/registration
                        time:   [117.57 µs 117.88 µs 118.20 µs]
Found 5 outliers among 200 measurements (2.50%)
  4 (2.00%) high mild
  1 (0.50%) high severe

Benchmarking N16384/ballot/create
Benchmarking N16384/ballot/create: Warming up for 3.0000 s

Warning: Unable to complete 50 samples in 20.0s. You may wish to increase target time to 33.4s, or reduce sample count to 20.
Benchmarking N16384/ballot/create: Collecting 50 samples in estimated 33.376 s (50 iterations)
Benchmarking N16384/ballot/create: Analyzing
N16384/ballot/create    time:   [666.58 ms 668.24 ms 670.00 ms]
Found 2 outliers among 50 measurements (4.00%)
  2 (4.00%) high mild
Benchmarking N16384/ballot/verify
Benchmarking N16384/ballot/verify: Warming up for 3.0000 s
Benchmarking N16384/ballot/verify: Collecting 50 samples in estimated 21.788 s (150 iterations)
Benchmarking N16384/ballot/verify: Analyzing
N16384/ballot/verify    time:   [144.97 ms 145.20 ms 145.44 ms]
Found 1 outliers among 50 measurements (2.00%)
  1 (2.00%) high mild

Benchmarking N16384/verify_batch/1
Benchmarking N16384/verify_batch/1: Warming up for 3.0000 s
Benchmarking N16384/verify_batch/1: Collecting 10 samples in estimated 30.588 s (210 iterations)
Benchmarking N16384/verify_batch/1: Analyzing
N16384/verify_batch/1   time:   [144.92 ms 145.39 ms 145.89 ms]
Benchmarking N16384/verify_batch/10
Benchmarking N16384/verify_batch/10: Warming up for 3.0000 s
Benchmarking N16384/verify_batch/10: Collecting 10 samples in estimated 43.794 s (30 iterations)
Benchmarking N16384/verify_batch/10: Analyzing
N16384/verify_batch/10  time:   [1.4537 s 1.4561 s 1.4587 s]
Benchmarking N16384/verify_batch/50
Benchmarking N16384/verify_batch/50: Warming up for 3.0000 s

Warning: Unable to complete 10 samples in 30.0s. You may wish to increase target time to 73.3s.
Benchmarking N16384/verify_batch/50: Collecting 10 samples in estimated 73.283 s (10 iterations)
Benchmarking N16384/verify_batch/50: Analyzing
N16384/verify_batch/50  time:   [7.2926 s 7.3013 s 7.3110 s]
Benchmarking N16384/verify_batch/100
Benchmarking N16384/verify_batch/100: Warming up for 3.0000 s

Warning: Unable to complete 10 samples in 30.0s. You may wish to increase target time to 145.6s.
Benchmarking N16384/verify_batch/100: Collecting 10 samples in estimated 145.57 s (10 iterations)
Benchmarking N16384/verify_batch/100: Analyzing
N16384/verify_batch/100 time:   [14.552 s 14.581 s 14.611 s]

Benchmarking N16384/verify_batch_encval/individual/1
Benchmarking N16384/verify_batch_encval/individual/1: Warming up for 3.0000 s
Benchmarking N16384/verify_batch_encval/individual/1: Collecting 10 samples in estimated 30.005 s (33k iterations)
Benchmarking N16384/verify_batch_encval/individual/1: Analyzing
N16384/verify_batch_encval/individual/1
                        time:   [896.12 µs 900.05 µs 904.37 µs]
Benchmarking N16384/verify_batch_encval/batch/1
Benchmarking N16384/verify_batch_encval/batch/1: Warming up for 3.0000 s
Benchmarking N16384/verify_batch_encval/batch/1: Collecting 10 samples in estimated 30.001 s (79k iterations)
Benchmarking N16384/verify_batch_encval/batch/1: Analyzing
N16384/verify_batch_encval/batch/1
                        time:   [378.47 µs 379.48 µs 380.58 µs]
Found 1 outliers among 10 measurements (10.00%)
  1 (10.00%) high mild
Benchmarking N16384/verify_batch_encval/individual/10
Benchmarking N16384/verify_batch_encval/individual/10: Warming up for 3.0000 s
Benchmarking N16384/verify_batch_encval/individual/10: Collecting 10 samples in estimated 30.031 s (3330 iterations)
Benchmarking N16384/verify_batch_encval/individual/10: Analyzing
N16384/verify_batch_encval/individual/10
                        time:   [8.9752 ms 9.0111 ms 9.0483 ms]
Found 1 outliers among 10 measurements (10.00%)
  1 (10.00%) high mild
Benchmarking N16384/verify_batch_encval/batch/10
Benchmarking N16384/verify_batch_encval/batch/10: Warming up for 3.0000 s
Benchmarking N16384/verify_batch_encval/batch/10: Collecting 10 samples in estimated 30.027 s (8190 iterations)
Benchmarking N16384/verify_batch_encval/batch/10: Analyzing
N16384/verify_batch_encval/batch/10
                        time:   [3.4686 ms 3.4811 ms 3.4936 ms]
Found 3 outliers among 10 measurements (30.00%)
  1 (10.00%) low mild
  2 (20.00%) high mild
Benchmarking N16384/verify_batch_encval/individual/50
Benchmarking N16384/verify_batch_encval/individual/50: Warming up for 3.0000 s
Benchmarking N16384/verify_batch_encval/individual/50: Collecting 10 samples in estimated 30.300 s (660 iterations)
Benchmarking N16384/verify_batch_encval/individual/50: Analyzing
N16384/verify_batch_encval/individual/50
                        time:   [45.418 ms 45.825 ms 46.205 ms]
Benchmarking N16384/verify_batch_encval/batch/50
Benchmarking N16384/verify_batch_encval/batch/50: Warming up for 3.0000 s
Benchmarking N16384/verify_batch_encval/batch/50: Collecting 10 samples in estimated 30.149 s (2010 iterations)
Benchmarking N16384/verify_batch_encval/batch/50: Analyzing
N16384/verify_batch_encval/batch/50
                        time:   [14.647 ms 14.692 ms 14.740 ms]
Benchmarking N16384/verify_batch_encval/individual/100
Benchmarking N16384/verify_batch_encval/individual/100: Warming up for 3.0000 s
Benchmarking N16384/verify_batch_encval/individual/100: Collecting 10 samples in estimated 30.338 s (340 iterations)
Benchmarking N16384/verify_batch_encval/individual/100: Analyzing
N16384/verify_batch_encval/individual/100
                        time:   [89.973 ms 90.417 ms 90.829 ms]
Benchmarking N16384/verify_batch_encval/batch/100
Benchmarking N16384/verify_batch_encval/batch/100: Warming up for 3.0000 s
Benchmarking N16384/verify_batch_encval/batch/100: Collecting 10 samples in estimated 30.079 s (1040 iterations)
Benchmarking N16384/verify_batch_encval/batch/100: Analyzing
N16384/verify_batch_encval/batch/100
                        time:   [28.323 ms 28.397 ms 28.488 ms]
Found 1 outliers among 10 measurements (10.00%)
  1 (10.00%) high mild

Benchmarking N16384/tally/serial_decrypt_per_tallier
Benchmarking N16384/tally/serial_decrypt_per_tallier: Warming up for 5.0000 s
Benchmarking N16384/tally/serial_decrypt_per_tallier: Collecting 10 samples in estimated 79.335 s (40 iterations)
Benchmarking N16384/tally/serial_decrypt_per_tallier: Analyzing
N16384/tally/serial_decrypt_per_tallier
                        time:   [1.9992 s 2.0041 s 2.0097 s]
Found 1 outliers among 10 measurements (10.00%)
  1 (10.00%) high mild
Benchmarking N16384/tally/full_pipeline
Benchmarking N16384/tally/full_pipeline: Warming up for 5.0000 s

Warning: Unable to complete 10 samples in 60.0s. You may wish to increase target time to 318.2s.
Benchmarking N16384/tally/full_pipeline: Collecting 10 samples in estimated 318.20 s (10 iterations)
Benchmarking N16384/tally/full_pipeline: Analyzing
N16384/tally/full_pipeline
                        time:   [31.722 s 31.783 s 31.848 s]

