   Compiling aura v0.1.0 (/home/ubuntu/aura)
    Finished `bench` profile [optimized] target(s) in 4.54s
     Running benches/proof_primitives.rs (target/release/deps/proof_primitives-dc9e442bf7fe2cea)
Benchmarking representation/prove/1
Benchmarking representation/prove/1: Warming up for 3.0000 s
Benchmarking representation/prove/1: Collecting 200 samples in estimated 10.587 s (241k iterations)
Benchmarking representation/prove/1: Analyzing
representation/prove/1  time:   [43.351 µs 43.505 µs 43.665 µs]
Found 5 outliers among 200 measurements (2.50%)
  1 (0.50%) low mild
  1 (0.50%) high mild
  3 (1.50%) high severe
Benchmarking representation/verify/1
Benchmarking representation/verify/1: Warming up for 3.0000 s
Benchmarking representation/verify/1: Collecting 200 samples in estimated 11.283 s (161k iterations)
Benchmarking representation/verify/1: Analyzing
representation/verify/1 time:   [73.659 µs 73.952 µs 74.267 µs]
Found 4 outliers among 200 measurements (2.00%)
  1 (0.50%) low mild
  3 (1.50%) high mild
Benchmarking representation/prove/2
Benchmarking representation/prove/2: Warming up for 3.0000 s
Benchmarking representation/prove/2: Collecting 200 samples in estimated 10.337 s (181k iterations)
Benchmarking representation/prove/2: Analyzing
representation/prove/2  time:   [57.485 µs 57.739 µs 57.991 µs]
Found 3 outliers among 200 measurements (1.50%)
  1 (0.50%) low mild
  2 (1.00%) high mild
Benchmarking representation/verify/2
Benchmarking representation/verify/2: Warming up for 3.0000 s
Benchmarking representation/verify/2: Collecting 200 samples in estimated 11.275 s (141k iterations)
Benchmarking representation/verify/2: Analyzing
representation/verify/2 time:   [82.969 µs 83.438 µs 83.915 µs]
Found 3 outliers among 200 measurements (1.50%)
  2 (1.00%) high mild
  1 (0.50%) high severe
Benchmarking representation/prove/4
Benchmarking representation/prove/4: Warming up for 3.0000 s
Benchmarking representation/prove/4: Collecting 200 samples in estimated 10.433 s (121k iterations)
Benchmarking representation/prove/4: Analyzing
representation/prove/4  time:   [86.488 µs 86.926 µs 87.378 µs]
Found 1 outliers among 200 measurements (0.50%)
  1 (0.50%) high severe
Benchmarking representation/verify/4
Benchmarking representation/verify/4: Warming up for 3.0000 s
Benchmarking representation/verify/4: Collecting 200 samples in estimated 11.929 s (121k iterations)
Benchmarking representation/verify/4: Analyzing
representation/verify/4 time:   [101.36 µs 101.86 µs 102.37 µs]
Found 1 outliers among 200 measurements (0.50%)
  1 (0.50%) high mild
Benchmarking representation/prove/8
Benchmarking representation/prove/8: Warming up for 3.0000 s
Benchmarking representation/prove/8: Collecting 200 samples in estimated 11.293 s (80k iterations)
Benchmarking representation/prove/8: Analyzing
representation/prove/8  time:   [138.95 µs 139.49 µs 140.04 µs]
Found 7 outliers among 200 measurements (3.50%)
  1 (0.50%) low mild
  6 (3.00%) high mild
Benchmarking representation/verify/8
Benchmarking representation/verify/8: Warming up for 3.0000 s
Benchmarking representation/verify/8: Collecting 200 samples in estimated 10.895 s (80k iterations)
Benchmarking representation/verify/8: Analyzing
representation/verify/8 time:   [138.09 µs 138.73 µs 139.35 µs]
Found 3 outliers among 200 measurements (1.50%)
  3 (1.50%) high mild

Benchmarking dleq/prove
Benchmarking dleq/prove: Warming up for 3.0000 s
Benchmarking dleq/prove: Collecting 200 samples in estimated 10.270 s (121k iterations)
Benchmarking dleq/prove: Analyzing
dleq/prove              time:   [85.356 µs 85.744 µs 86.155 µs]
Found 5 outliers among 200 measurements (2.50%)
  3 (1.50%) low mild
  2 (1.00%) high mild
Benchmarking dleq/verify
Benchmarking dleq/verify: Warming up for 3.0000 s
Benchmarking dleq/verify: Collecting 200 samples in estimated 11.747 s (80k iterations)
Benchmarking dleq/verify: Analyzing
dleq/verify             time:   [144.22 µs 144.84 µs 145.48 µs]
Found 4 outliers among 200 measurements (2.00%)
  3 (1.50%) high mild
  1 (0.50%) high severe

Benchmarking enc_validity/prove
Benchmarking enc_validity/prove: Warming up for 3.0000 s
Benchmarking enc_validity/prove: Collecting 200 samples in estimated 12.103 s (100k iterations)
Benchmarking enc_validity/prove: Analyzing
enc_validity/prove      time:   [120.11 µs 120.74 µs 121.40 µs]
Found 3 outliers among 200 measurements (1.50%)
  2 (1.00%) low mild
  1 (0.50%) high mild
Benchmarking enc_validity/verify
Benchmarking enc_validity/verify: Warming up for 3.0000 s
Benchmarking enc_validity/verify: Collecting 200 samples in estimated 10.826 s (60k iterations)
Benchmarking enc_validity/verify: Analyzing
enc_validity/verify     time:   [177.57 µs 178.21 µs 178.88 µs]
Found 3 outliers among 200 measurements (1.50%)
  1 (0.50%) low mild
  1 (0.50%) high mild
  1 (0.50%) high severe

Benchmarking serial_validity/prove
Benchmarking serial_validity/prove: Warming up for 3.0000 s
Benchmarking serial_validity/prove: Collecting 200 samples in estimated 11.466 s (60k iterations)
Benchmarking serial_validity/prove: Analyzing
serial_validity/prove   time:   [190.20 µs 190.91 µs 191.64 µs]
Found 4 outliers among 200 measurements (2.00%)
  3 (1.50%) high mild
  1 (0.50%) high severe
Benchmarking serial_validity/verify
Benchmarking serial_validity/verify: Warming up for 3.0000 s
Benchmarking serial_validity/verify: Collecting 200 samples in estimated 11.176 s (40k iterations)
Benchmarking serial_validity/verify: Analyzing
serial_validity/verify  time:   [279.84 µs 281.32 µs 282.82 µs]
Found 6 outliers among 200 measurements (3.00%)
  1 (0.50%) low mild
  4 (2.00%) high mild
  1 (0.50%) high severe

Benchmarking bit_vector/prove/4
Benchmarking bit_vector/prove/4: Warming up for 3.0000 s
Benchmarking bit_vector/prove/4: Collecting 100 samples in estimated 16.009 s (66k iterations)
Benchmarking bit_vector/prove/4: Analyzing
bit_vector/prove/4      time:   [241.54 µs 242.45 µs 243.38 µs]
Found 4 outliers among 100 measurements (4.00%)
  3 (3.00%) high mild
  1 (1.00%) high severe
Benchmarking bit_vector/verify/4
Benchmarking bit_vector/verify/4: Warming up for 3.0000 s
Benchmarking bit_vector/verify/4: Collecting 100 samples in estimated 15.647 s (81k iterations)
Benchmarking bit_vector/verify/4: Analyzing
bit_vector/verify/4     time:   [191.16 µs 191.99 µs 192.94 µs]
Found 1 outliers among 100 measurements (1.00%)
  1 (1.00%) high mild
Benchmarking bit_vector/prove/5
Benchmarking bit_vector/prove/5: Warming up for 3.0000 s
Benchmarking bit_vector/prove/5: Collecting 100 samples in estimated 15.293 s (56k iterations)
Benchmarking bit_vector/prove/5: Analyzing
bit_vector/prove/5      time:   [274.29 µs 275.76 µs 277.44 µs]
Found 5 outliers among 100 measurements (5.00%)
  2 (2.00%) low mild
  3 (3.00%) high mild
Benchmarking bit_vector/verify/5
Benchmarking bit_vector/verify/5: Warming up for 3.0000 s
Benchmarking bit_vector/verify/5: Collecting 100 samples in estimated 15.554 s (76k iterations)
Benchmarking bit_vector/verify/5: Analyzing
bit_vector/verify/5     time:   [205.53 µs 206.63 µs 207.71 µs]
Found 3 outliers among 100 measurements (3.00%)
  1 (1.00%) low mild
  1 (1.00%) high mild
  1 (1.00%) high severe
Benchmarking bit_vector/prove/8
Benchmarking bit_vector/prove/8: Warming up for 3.0000 s
Benchmarking bit_vector/prove/8: Collecting 100 samples in estimated 15.186 s (40k iterations)
Benchmarking bit_vector/prove/8: Analyzing
bit_vector/prove/8      time:   [372.93 µs 374.48 µs 376.02 µs]
Found 3 outliers among 100 measurements (3.00%)
  2 (2.00%) high mild
  1 (1.00%) high severe
Benchmarking bit_vector/verify/8
Benchmarking bit_vector/verify/8: Warming up for 3.0000 s
Benchmarking bit_vector/verify/8: Collecting 100 samples in estimated 15.123 s (61k iterations)
Benchmarking bit_vector/verify/8: Analyzing
bit_vector/verify/8     time:   [246.75 µs 247.72 µs 248.80 µs]
Found 2 outliers among 100 measurements (2.00%)
  2 (2.00%) high mild
Benchmarking bit_vector/prove/12
Benchmarking bit_vector/prove/12: Warming up for 3.0000 s
Benchmarking bit_vector/prove/12: Collecting 100 samples in estimated 15.233 s (30k iterations)
Benchmarking bit_vector/prove/12: Analyzing
bit_vector/prove/12     time:   [501.85 µs 504.36 µs 507.21 µs]
Benchmarking bit_vector/verify/12
Benchmarking bit_vector/verify/12: Warming up for 3.0000 s
Benchmarking bit_vector/verify/12: Collecting 100 samples in estimated 15.579 s (50k iterations)
Benchmarking bit_vector/verify/12: Analyzing
bit_vector/verify/12    time:   [306.72 µs 308.32 µs 309.78 µs]
Benchmarking bit_vector/prove/16
Benchmarking bit_vector/prove/16: Warming up for 3.0000 s
Benchmarking bit_vector/prove/16: Collecting 100 samples in estimated 16.025 s (25k iterations)
Benchmarking bit_vector/prove/16: Analyzing
bit_vector/prove/16     time:   [629.49 µs 631.90 µs 634.48 µs]
Benchmarking bit_vector/verify/16
Benchmarking bit_vector/verify/16: Warming up for 3.0000 s
Benchmarking bit_vector/verify/16: Collecting 100 samples in estimated 16.661 s (45k iterations)
Benchmarking bit_vector/verify/16: Analyzing
bit_vector/verify/16    time:   [358.41 µs 359.52 µs 360.75 µs]
Found 1 outliers among 100 measurements (1.00%)
  1 (1.00%) high mild
Benchmarking bit_vector/prove/24
Benchmarking bit_vector/prove/24: Warming up for 3.0000 s
Benchmarking bit_vector/prove/24: Collecting 100 samples in estimated 18.018 s (20k iterations)
Benchmarking bit_vector/prove/24: Analyzing
bit_vector/prove/24     time:   [893.81 µs 897.34 µs 900.96 µs]
Benchmarking bit_vector/verify/24
Benchmarking bit_vector/verify/24: Warming up for 3.0000 s
Benchmarking bit_vector/verify/24: Collecting 100 samples in estimated 17.026 s (35k iterations)
Benchmarking bit_vector/verify/24: Analyzing
bit_vector/verify/24    time:   [480.43 µs 482.60 µs 484.79 µs]
Found 3 outliers among 100 measurements (3.00%)
  2 (2.00%) low mild
  1 (1.00%) high mild
Benchmarking bit_vector/prove/32
Benchmarking bit_vector/prove/32: Warming up for 3.0000 s
Benchmarking bit_vector/prove/32: Collecting 100 samples in estimated 17.540 s (15k iterations)
Benchmarking bit_vector/prove/32: Analyzing
bit_vector/prove/32     time:   [1.1608 ms 1.1661 ms 1.1714 ms]
Found 1 outliers among 100 measurements (1.00%)
  1 (1.00%) high mild
Benchmarking bit_vector/verify/32
Benchmarking bit_vector/verify/32: Warming up for 3.0000 s
Benchmarking bit_vector/verify/32: Collecting 100 samples in estimated 15.660 s (25k iterations)
Benchmarking bit_vector/verify/32: Analyzing
bit_vector/verify/32    time:   [610.19 µs 612.22 µs 614.31 µs]
Found 5 outliers among 100 measurements (5.00%)
  5 (5.00%) high mild
Benchmarking bit_vector/prove/48
Benchmarking bit_vector/prove/48: Warming up for 3.0000 s
Benchmarking bit_vector/prove/48: Collecting 100 samples in estimated 17.538 s (10k iterations)
Benchmarking bit_vector/prove/48: Analyzing
bit_vector/prove/48     time:   [1.6857 ms 1.6993 ms 1.7213 ms]
Found 9 outliers among 100 measurements (9.00%)
  9 (9.00%) high severe
Benchmarking bit_vector/verify/48
Benchmarking bit_vector/verify/48: Warming up for 3.0000 s
Benchmarking bit_vector/verify/48: Collecting 100 samples in estimated 17.861 s (20k iterations)
Benchmarking bit_vector/verify/48: Analyzing
bit_vector/verify/48    time:   [868.60 µs 871.84 µs 875.47 µs]
Benchmarking bit_vector/prove/64
Benchmarking bit_vector/prove/64: Warming up for 3.0000 s
Benchmarking bit_vector/prove/64: Collecting 100 samples in estimated 22.492 s (10k iterations)
Benchmarking bit_vector/prove/64: Analyzing
bit_vector/prove/64     time:   [2.1933 ms 2.2010 ms 2.2091 ms]
Found 3 outliers among 100 measurements (3.00%)
  2 (2.00%) low mild
  1 (1.00%) high severe
Benchmarking bit_vector/verify/64
Benchmarking bit_vector/verify/64: Warming up for 3.0000 s
Benchmarking bit_vector/verify/64: Collecting 100 samples in estimated 17.270 s (15k iterations)
Benchmarking bit_vector/verify/64: Analyzing
bit_vector/verify/64    time:   [1.1254 ms 1.1301 ms 1.1349 ms]
Found 1 outliers among 100 measurements (1.00%)
  1 (1.00%) high mild

Benchmarking commitment_set/prove/N=4
Benchmarking commitment_set/prove/N=4: Warming up for 5.0000 s
Benchmarking commitment_set/prove/N=4: Collecting 20 samples in estimated 120.01 s (261k iterations)
Benchmarking commitment_set/prove/N=4: Analyzing
commitment_set/prove/N=4
                        time:   [461.80 µs 463.16 µs 464.72 µs]
Benchmarking commitment_set/verify/N=4
Benchmarking commitment_set/verify/N=4: Warming up for 5.0000 s
Benchmarking commitment_set/verify/N=4: Collecting 20 samples in estimated 120.00 s (1.3M iterations)
Benchmarking commitment_set/verify/N=4: Analyzing
commitment_set/verify/N=4
                        time:   [95.594 µs 95.836 µs 96.128 µs]
Found 1 outliers among 20 measurements (5.00%)
  1 (5.00%) high mild
Benchmarking commitment_set/prove/N=16
Benchmarking commitment_set/prove/N=16: Warming up for 5.0000 s
Benchmarking commitment_set/prove/N=16: Collecting 20 samples in estimated 120.01 s (104k iterations)
Benchmarking commitment_set/prove/N=16: Analyzing
commitment_set/prove/N=16
                        time:   [1.1578 ms 1.1638 ms 1.1703 ms]
Benchmarking commitment_set/verify/N=16
Benchmarking commitment_set/verify/N=16: Warming up for 5.0000 s
Benchmarking commitment_set/verify/N=16: Collecting 20 samples in estimated 120.00 s (520k iterations)
Benchmarking commitment_set/verify/N=16: Analyzing
commitment_set/verify/N=16
                        time:   [230.09 µs 230.78 µs 231.52 µs]
Benchmarking commitment_set/prove/N=64
Benchmarking commitment_set/prove/N=64: Warming up for 5.0000 s
Benchmarking commitment_set/prove/N=64: Collecting 20 samples in estimated 120.01 s (37k iterations)
Benchmarking commitment_set/prove/N=64: Analyzing
commitment_set/prove/N=64
                        time:   [3.2438 ms 3.2512 ms 3.2594 ms]
Found 1 outliers among 20 measurements (5.00%)
  1 (5.00%) high mild
Benchmarking commitment_set/verify/N=64
Benchmarking commitment_set/verify/N=64: Warming up for 5.0000 s
Benchmarking commitment_set/verify/N=64: Collecting 20 samples in estimated 120.00 s (161k iterations)
Benchmarking commitment_set/verify/N=64: Analyzing
commitment_set/verify/N=64
                        time:   [738.09 µs 740.01 µs 742.10 µs]
Found 1 outliers among 20 measurements (5.00%)
  1 (5.00%) high mild
Benchmarking commitment_set/prove/N=256
Benchmarking commitment_set/prove/N=256: Warming up for 5.0000 s
Benchmarking commitment_set/prove/N=256: Collecting 20 samples in estimated 120.21 s (11k iterations)
Benchmarking commitment_set/prove/N=256: Analyzing
commitment_set/prove/N=256
                        time:   [13.339 ms 13.385 ms 13.433 ms]
Benchmarking commitment_set/verify/N=256
Benchmarking commitment_set/verify/N=256: Warming up for 5.0000 s
Benchmarking commitment_set/verify/N=256: Collecting 20 samples in estimated 120.02 s (45k iterations)
Benchmarking commitment_set/verify/N=256: Analyzing
commitment_set/verify/N=256
                        time:   [2.6698 ms 2.6772 ms 2.6848 ms]
Benchmarking commitment_set/prove/N=1024
Benchmarking commitment_set/prove/N=1024: Warming up for 5.0000 s
Benchmarking commitment_set/prove/N=1024: Collecting 20 samples in estimated 120.43 s (2980 iterations)
Benchmarking commitment_set/prove/N=1024: Analyzing
commitment_set/prove/N=1024
                        time:   [47.041 ms 47.165 ms 47.309 ms]
Found 2 outliers among 20 measurements (10.00%)
  2 (10.00%) high mild
Benchmarking commitment_set/verify/N=1024
Benchmarking commitment_set/verify/N=1024: Warming up for 5.0000 s
Benchmarking commitment_set/verify/N=1024: Collecting 20 samples in estimated 120.16 s (13k iterations)
Benchmarking commitment_set/verify/N=1024: Analyzing
commitment_set/verify/N=1024
                        time:   [9.2629 ms 9.2759 ms 9.2909 ms]
Found 1 outliers among 20 measurements (5.00%)
  1 (5.00%) high mild
Benchmarking commitment_set/prove/N=4096
Benchmarking commitment_set/prove/N=4096: Warming up for 5.0000 s
Benchmarking commitment_set/prove/N=4096: Collecting 20 samples in estimated 120.47 s (800 iterations)
Benchmarking commitment_set/prove/N=4096: Analyzing
commitment_set/prove/N=4096
                        time:   [172.74 ms 173.05 ms 173.42 ms]
Found 1 outliers among 20 measurements (5.00%)
  1 (5.00%) high mild
Benchmarking commitment_set/verify/N=4096
Benchmarking commitment_set/verify/N=4096: Warming up for 5.0000 s
Benchmarking commitment_set/verify/N=4096: Collecting 20 samples in estimated 120.51 s (3400 iterations)
Benchmarking commitment_set/verify/N=4096: Analyzing
commitment_set/verify/N=4096
                        time:   [35.538 ms 35.601 ms 35.675 ms]
Benchmarking commitment_set/prove/N=64_n4
Benchmarking commitment_set/prove/N=64_n4: Warming up for 5.0000 s
Benchmarking commitment_set/prove/N=64_n4: Collecting 20 samples in estimated 120.03 s (57k iterations)
Benchmarking commitment_set/prove/N=64_n4: Analyzing
commitment_set/prove/N=64_n4
                        time:   [2.1088 ms 2.1148 ms 2.1223 ms]
Found 1 outliers among 20 measurements (5.00%)
  1 (5.00%) high mild
Benchmarking commitment_set/verify/N=64_n4
Benchmarking commitment_set/verify/N=64_n4: Warming up for 5.0000 s
Benchmarking commitment_set/verify/N=64_n4: Collecting 20 samples in estimated 120.01 s (173k iterations)
Benchmarking commitment_set/verify/N=64_n4: Analyzing
commitment_set/verify/N=64_n4
                        time:   [692.67 µs 694.24 µs 696.11 µs]
Found 1 outliers among 20 measurements (5.00%)
  1 (5.00%) high mild
Benchmarking commitment_set/prove/N=256_n4
Benchmarking commitment_set/prove/N=256_n4: Warming up for 5.0000 s
Benchmarking commitment_set/prove/N=256_n4: Collecting 20 samples in estimated 120.05 s (19k iterations)
Benchmarking commitment_set/prove/N=256_n4: Analyzing
commitment_set/prove/N=256_n4
                        time:   [7.1048 ms 7.1230 ms 7.1436 ms]
Found 1 outliers among 20 measurements (5.00%)
  1 (5.00%) high mild
Benchmarking commitment_set/verify/N=256_n4
Benchmarking commitment_set/verify/N=256_n4: Warming up for 5.0000 s
Benchmarking commitment_set/verify/N=256_n4: Collecting 20 samples in estimated 120.03 s (47k iterations)
Benchmarking commitment_set/verify/N=256_n4: Analyzing
commitment_set/verify/N=256_n4
                        time:   [2.5364 ms 2.5415 ms 2.5475 ms]
Found 1 outliers among 20 measurements (5.00%)
  1 (5.00%) high mild
Benchmarking commitment_set/prove/N=1024_n4
Benchmarking commitment_set/prove/N=1024_n4: Warming up for 5.0000 s
Benchmarking commitment_set/prove/N=1024_n4: Collecting 20 samples in estimated 120.27 s (6060 iterations)
Benchmarking commitment_set/prove/N=1024_n4: Analyzing
commitment_set/prove/N=1024_n4
                        time:   [22.893 ms 22.939 ms 22.989 ms]
Benchmarking commitment_set/verify/N=1024_n4
Benchmarking commitment_set/verify/N=1024_n4: Warming up for 5.0000 s
Benchmarking commitment_set/verify/N=1024_n4: Collecting 20 samples in estimated 120.09 s (14k iterations)
Benchmarking commitment_set/verify/N=1024_n4: Analyzing
commitment_set/verify/N=1024_n4
                        time:   [8.8364 ms 8.8857 ms 8.9928 ms]
Found 2 outliers among 20 measurements (10.00%)
  1 (5.00%) high mild
  1 (5.00%) high severe

Benchmarking batch_verify_rep/individual/1
Benchmarking batch_verify_rep/individual/1: Warming up for 3.0000 s
Benchmarking batch_verify_rep/individual/1: Collecting 50 samples in estimated 15.002 s (186k iterations)
Benchmarking batch_verify_rep/individual/1: Analyzing
batch_verify_rep/individual/1
                        time:   [80.634 µs 81.024 µs 81.473 µs]
Benchmarking batch_verify_rep/batch/1
Benchmarking batch_verify_rep/batch/1: Warming up for 3.0000 s
Benchmarking batch_verify_rep/batch/1: Collecting 50 samples in estimated 15.037 s (260k iterations)
Benchmarking batch_verify_rep/batch/1: Analyzing
batch_verify_rep/batch/1
                        time:   [57.647 µs 57.995 µs 58.336 µs]
Benchmarking batch_verify_rep/individual/10
Benchmarking batch_verify_rep/individual/10: Warming up for 3.0000 s
Benchmarking batch_verify_rep/individual/10: Collecting 50 samples in estimated 15.218 s (19k iterations)
Benchmarking batch_verify_rep/individual/10: Analyzing
batch_verify_rep/individual/10
                        time:   [794.22 µs 796.49 µs 798.65 µs]
Found 4 outliers among 50 measurements (8.00%)
  1 (2.00%) low severe
  3 (6.00%) high mild
Benchmarking batch_verify_rep/batch/10
Benchmarking batch_verify_rep/batch/10: Warming up for 3.0000 s
Benchmarking batch_verify_rep/batch/10: Collecting 50 samples in estimated 15.463 s (36k iterations)
Benchmarking batch_verify_rep/batch/10: Analyzing
batch_verify_rep/batch/10
                        time:   [428.99 µs 430.93 µs 432.94 µs]
Benchmarking batch_verify_rep/individual/25
Benchmarking batch_verify_rep/individual/25: Warming up for 3.0000 s
Benchmarking batch_verify_rep/individual/25: Collecting 50 samples in estimated 15.314 s (7650 iterations)
Benchmarking batch_verify_rep/individual/25: Analyzing
batch_verify_rep/individual/25
                        time:   [2.0214 ms 2.0333 ms 2.0464 ms]
Found 2 outliers among 50 measurements (4.00%)
  1 (2.00%) low mild
  1 (2.00%) high mild
Benchmarking batch_verify_rep/batch/25
Benchmarking batch_verify_rep/batch/25: Warming up for 3.0000 s
Benchmarking batch_verify_rep/batch/25: Collecting 50 samples in estimated 16.043 s (15k iterations)
Benchmarking batch_verify_rep/batch/25: Analyzing
batch_verify_rep/batch/25
                        time:   [1.0423 ms 1.0458 ms 1.0496 ms]
Found 3 outliers among 50 measurements (6.00%)
  3 (6.00%) low mild
Benchmarking batch_verify_rep/individual/50
Benchmarking batch_verify_rep/individual/50: Warming up for 3.0000 s
Benchmarking batch_verify_rep/individual/50: Collecting 50 samples in estimated 15.462 s (3825 iterations)
Benchmarking batch_verify_rep/individual/50: Analyzing
batch_verify_rep/individual/50
                        time:   [4.0330 ms 4.0500 ms 4.0666 ms]
Benchmarking batch_verify_rep/batch/50
Benchmarking batch_verify_rep/batch/50: Warming up for 3.0000 s
Benchmarking batch_verify_rep/batch/50: Collecting 50 samples in estimated 15.390 s (7650 iterations)
Benchmarking batch_verify_rep/batch/50: Analyzing
batch_verify_rep/batch/50
                        time:   [1.9990 ms 2.0064 ms 2.0152 ms]
Benchmarking batch_verify_rep/individual/100
Benchmarking batch_verify_rep/individual/100: Warming up for 3.0000 s
Benchmarking batch_verify_rep/individual/100: Collecting 50 samples in estimated 20.594 s (2550 iterations)
Benchmarking batch_verify_rep/individual/100: Analyzing
batch_verify_rep/individual/100
                        time:   [8.1161 ms 8.1442 ms 8.1749 ms]
Found 1 outliers among 50 measurements (2.00%)
  1 (2.00%) high mild
Benchmarking batch_verify_rep/batch/100
Benchmarking batch_verify_rep/batch/100: Warming up for 3.0000 s
Benchmarking batch_verify_rep/batch/100: Collecting 50 samples in estimated 18.911 s (5100 iterations)
Benchmarking batch_verify_rep/batch/100: Analyzing
batch_verify_rep/batch/100
                        time:   [3.6892 ms 3.6990 ms 3.7096 ms]
Found 2 outliers among 50 measurements (4.00%)
  1 (2.00%) low mild
  1 (2.00%) high mild

Benchmarking batch_verify_dleq/individual/1
Benchmarking batch_verify_dleq/individual/1: Warming up for 3.0000 s
Benchmarking batch_verify_dleq/individual/1: Collecting 50 samples in estimated 15.154 s (105k iterations)
Benchmarking batch_verify_dleq/individual/1: Analyzing
batch_verify_dleq/individual/1
                        time:   [144.07 µs 144.78 µs 145.61 µs]
Found 2 outliers among 50 measurements (4.00%)
  2 (4.00%) high mild
Benchmarking batch_verify_dleq/batch/1
Benchmarking batch_verify_dleq/batch/1: Warming up for 3.0000 s
Benchmarking batch_verify_dleq/batch/1: Collecting 50 samples in estimated 15.007 s (184k iterations)
Benchmarking batch_verify_dleq/batch/1: Analyzing
batch_verify_dleq/batch/1
                        time:   [80.104 µs 80.609 µs 81.081 µs]
Benchmarking batch_verify_dleq/individual/10
Benchmarking batch_verify_dleq/individual/10: Warming up for 3.0000 s
Benchmarking batch_verify_dleq/individual/10: Collecting 50 samples in estimated 16.693 s (11k iterations)
Benchmarking batch_verify_dleq/individual/10: Analyzing
batch_verify_dleq/individual/10
                        time:   [1.4290 ms 1.4353 ms 1.4421 ms]
Found 4 outliers among 50 measurements (8.00%)
  4 (8.00%) high mild
Benchmarking batch_verify_dleq/batch/10
Benchmarking batch_verify_dleq/batch/10: Warming up for 3.0000 s
Benchmarking batch_verify_dleq/batch/10: Collecting 50 samples in estimated 15.155 s (24k iterations)
Benchmarking batch_verify_dleq/batch/10: Analyzing
batch_verify_dleq/batch/10
                        time:   [627.93 µs 630.34 µs 632.71 µs]
Benchmarking batch_verify_dleq/individual/25
Benchmarking batch_verify_dleq/individual/25: Warming up for 3.0000 s
Benchmarking batch_verify_dleq/individual/25: Collecting 50 samples in estimated 18.258 s (5100 iterations)
Benchmarking batch_verify_dleq/individual/25: Analyzing
batch_verify_dleq/individual/25
                        time:   [3.5697 ms 3.5876 ms 3.6066 ms]
Found 1 outliers among 50 measurements (2.00%)
  1 (2.00%) high mild
Benchmarking batch_verify_dleq/batch/25
Benchmarking batch_verify_dleq/batch/25: Warming up for 3.0000 s
Benchmarking batch_verify_dleq/batch/25: Collecting 50 samples in estimated 15.767 s (10k iterations)
Benchmarking batch_verify_dleq/batch/25: Analyzing
batch_verify_dleq/batch/25
                        time:   [1.5490 ms 1.5549 ms 1.5606 ms]
Benchmarking batch_verify_dleq/individual/50
Benchmarking batch_verify_dleq/individual/50: Warming up for 3.0000 s
Benchmarking batch_verify_dleq/individual/50: Collecting 50 samples in estimated 18.429 s (2550 iterations)
Benchmarking batch_verify_dleq/individual/50: Analyzing
batch_verify_dleq/individual/50
                        time:   [7.1313 ms 7.1612 ms 7.1951 ms]
Benchmarking batch_verify_dleq/batch/50
Benchmarking batch_verify_dleq/batch/50: Warming up for 3.0000 s
Benchmarking batch_verify_dleq/batch/50: Collecting 50 samples in estimated 18.132 s (6375 iterations)
Benchmarking batch_verify_dleq/batch/50: Analyzing
batch_verify_dleq/batch/50
                        time:   [2.8084 ms 2.8167 ms 2.8238 ms]
Found 1 outliers among 50 measurements (2.00%)
  1 (2.00%) low mild
Benchmarking batch_verify_dleq/individual/100
Benchmarking batch_verify_dleq/individual/100: Warming up for 3.0000 s

Warning: Unable to complete 50 samples in 15.0s. You may wish to increase target time to 18.3s, enable flat sampling, or reduce sample count to 30.
Benchmarking batch_verify_dleq/individual/100: Collecting 50 samples in estimated 18.253 s (1275 iterations)
Benchmarking batch_verify_dleq/individual/100: Analyzing
batch_verify_dleq/individual/100
                        time:   [14.275 ms 14.343 ms 14.427 ms]
Benchmarking batch_verify_dleq/batch/100
Benchmarking batch_verify_dleq/batch/100: Warming up for 3.0000 s
Benchmarking batch_verify_dleq/batch/100: Collecting 50 samples in estimated 19.933 s (3825 iterations)
Benchmarking batch_verify_dleq/batch/100: Analyzing
batch_verify_dleq/batch/100
                        time:   [5.2179 ms 5.2393 ms 5.2649 ms]
Found 4 outliers among 50 measurements (8.00%)
  3 (6.00%) high mild
  1 (2.00%) high severe

Benchmarking batch_verify_encval/individual/1
Benchmarking batch_verify_encval/individual/1: Warming up for 3.0000 s
Benchmarking batch_verify_encval/individual/1: Collecting 50 samples in estimated 15.219 s (84k iterations)
Benchmarking batch_verify_encval/individual/1: Analyzing
batch_verify_encval/individual/1
                        time:   [178.72 µs 179.74 µs 180.73 µs]
Benchmarking batch_verify_encval/batch/1
Benchmarking batch_verify_encval/batch/1: Warming up for 3.0000 s
Benchmarking batch_verify_encval/batch/1: Collecting 50 samples in estimated 15.054 s (159k iterations)
Benchmarking batch_verify_encval/batch/1: Analyzing
batch_verify_encval/batch/1
                        time:   [93.903 µs 94.398 µs 94.846 µs]
Benchmarking batch_verify_encval/individual/10
Benchmarking batch_verify_encval/individual/10: Warming up for 3.0000 s
Benchmarking batch_verify_encval/individual/10: Collecting 50 samples in estimated 15.970 s (8925 iterations)
Benchmarking batch_verify_encval/individual/10: Analyzing
batch_verify_encval/individual/10
                        time:   [1.7663 ms 1.7760 ms 1.7857 ms]
Found 1 outliers among 50 measurements (2.00%)
  1 (2.00%) high mild
Benchmarking batch_verify_encval/batch/10
Benchmarking batch_verify_encval/batch/10: Warming up for 3.0000 s
Benchmarking batch_verify_encval/batch/10: Collecting 50 samples in estimated 15.373 s (20k iterations)
Benchmarking batch_verify_encval/batch/10: Analyzing
batch_verify_encval/batch/10
                        time:   [748.52 µs 752.01 µs 756.23 µs]
Found 3 outliers among 50 measurements (6.00%)
  2 (4.00%) high mild
  1 (2.00%) high severe
Benchmarking batch_verify_encval/individual/25
Benchmarking batch_verify_encval/individual/25: Warming up for 3.0000 s
Benchmarking batch_verify_encval/individual/25: Collecting 50 samples in estimated 17.101 s (3825 iterations)
Benchmarking batch_verify_encval/individual/25: Analyzing
batch_verify_encval/individual/25
                        time:   [4.4314 ms 4.4591 ms 4.4872 ms]
Found 1 outliers among 50 measurements (2.00%)
  1 (2.00%) high mild
Benchmarking batch_verify_encval/batch/25
Benchmarking batch_verify_encval/batch/25: Warming up for 3.0000 s
Benchmarking batch_verify_encval/batch/25: Collecting 50 samples in estimated 16.418 s (8925 iterations)
Benchmarking batch_verify_encval/batch/25: Analyzing
batch_verify_encval/batch/25
                        time:   [1.8357 ms 1.8425 ms 1.8499 ms]
Found 2 outliers among 50 measurements (4.00%)
  2 (4.00%) low mild
Benchmarking batch_verify_encval/individual/50
Benchmarking batch_verify_encval/individual/50: Warming up for 3.0000 s
Benchmarking batch_verify_encval/individual/50: Collecting 50 samples in estimated 22.956 s (2550 iterations)
Benchmarking batch_verify_encval/individual/50: Analyzing
batch_verify_encval/individual/50
                        time:   [8.9385 ms 8.9974 ms 9.0510 ms]
Found 2 outliers among 50 measurements (4.00%)
  2 (4.00%) low mild
Benchmarking batch_verify_encval/batch/50
Benchmarking batch_verify_encval/batch/50: Warming up for 3.0000 s
Benchmarking batch_verify_encval/batch/50: Collecting 50 samples in estimated 16.686 s (5100 iterations)
Benchmarking batch_verify_encval/batch/50: Analyzing
batch_verify_encval/batch/50
                        time:   [3.2545 ms 3.2713 ms 3.2892 ms]
Found 2 outliers among 50 measurements (4.00%)
  1 (2.00%) low mild
  1 (2.00%) high mild
Benchmarking batch_verify_encval/individual/100
Benchmarking batch_verify_encval/individual/100: Warming up for 3.0000 s

Warning: Unable to complete 50 samples in 15.0s. You may wish to increase target time to 22.9s, enable flat sampling, or reduce sample count to 20.
Benchmarking batch_verify_encval/individual/100: Collecting 50 samples in estimated 22.941 s (1275 iterations)
Benchmarking batch_verify_encval/individual/100: Analyzing
batch_verify_encval/individual/100
                        time:   [17.743 ms 17.817 ms 17.891 ms]
Found 2 outliers among 50 measurements (4.00%)
  1 (2.00%) high mild
  1 (2.00%) high severe
Benchmarking batch_verify_encval/batch/100
Benchmarking batch_verify_encval/batch/100: Warming up for 3.0000 s
Benchmarking batch_verify_encval/batch/100: Collecting 50 samples in estimated 15.370 s (2550 iterations)
Benchmarking batch_verify_encval/batch/100: Analyzing
batch_verify_encval/batch/100
                        time:   [6.0130 ms 6.0419 ms 6.0689 ms]
Found 1 outliers among 50 measurements (2.00%)
  1 (2.00%) low mild

